{
  "RSpec": {
    "coverage": {
      "/home/rvl/kod/ror/wepa/ratebeer/app/helpers/application_helper.rb": {
        "lines": [
          1,
          1,
          1,
          null,
          0,
          null,
          null,
          0,
          null,
          null,
          0,
          0,
          null,
          0,
          null,
          null,
          null,
          1,
          0,
          null,
          null,
          1,
          28,
          null,
          null
        ]
      },
      "/home/rvl/kod/ror/wepa/ratebeer/app/helpers/beer_clubs_helper.rb": {
        "lines": [
          1,
          null
        ]
      },
      "/home/rvl/kod/ror/wepa/ratebeer/app/helpers/beers_helper.rb": {
        "lines": [
          1,
          null
        ]
      },
      "/home/rvl/kod/ror/wepa/ratebeer/app/helpers/breweries_helper.rb": {
        "lines": [
          1,
          null
        ]
      },
      "/home/rvl/kod/ror/wepa/ratebeer/app/helpers/memberships_helper.rb": {
        "lines": [
          1,
          null
        ]
      },
      "/home/rvl/kod/ror/wepa/ratebeer/app/helpers/users_helper.rb": {
        "lines": [
          1,
          null
        ]
      },
      "/home/rvl/kod/ror/wepa/ratebeer/app/models/beer.rb": {
        "lines": [
          1,
          1,
          null,
          1,
          null,
          null,
          1,
          1,
          1,
          1,
          null,
          1,
          2,
          null,
          null,
          1,
          0,
          null,
          0,
          null,
          null,
          1,
          3,
          null,
          null
        ]
      },
      "/home/rvl/kod/ror/wepa/ratebeer/app/models/application_record.rb": {
        "lines": [
          1,
          1,
          null
        ]
      },
      "/home/rvl/kod/ror/wepa/ratebeer/app/models/concerns/rating_average.rb": {
        "lines": [
          null,
          null,
          null,
          null,
          null,
          null,
          null,
          null,
          null,
          null,
          1,
          1,
          null,
          1,
          null,
          34,
          null,
          34,
          null,
          15,
          null,
          null
        ]
      },
      "/home/rvl/kod/ror/wepa/ratebeer/app/models/user.rb": {
        "lines": [
          1,
          1,
          null,
          1,
          null,
          1,
          null,
          1,
          null,
          null,
          1,
          1,
          1,
          1,
          null,
          1,
          null,
          null,
          null,
          null,
          null,
          null,
          null,
          null,
          1,
          3,
          null,
          2,
          null,
          null,
          null,
          null,
          null,
          null,
          null,
          null,
          null,
          null,
          null,
          null,
          null,
          null,
          null,
          null,
          null,
          null,
          null,
          null,
          null,
          1,
          8,
          null,
          null,
          1,
          25,
          null,
          null,
          1,
          33,
          null,
          91,
          19,
          41,
          null,
          null,
          60,
          null,
          null,
          null,
          1,
          41,
          41,
          72,
          null,
          41,
          null,
          null,
          1,
          2,
          null,
          null,
          1,
          1,
          null,
          null
        ]
      },
      "/home/rvl/kod/ror/wepa/ratebeer/app/models/brewery.rb": {
        "lines": [
          1,
          1,
          1,
          null,
          1,
          1,
          null,
          75,
          null,
          4,
          4,
          null,
          1,
          2,
          null,
          null,
          null,
          null,
          null,
          null,
          1,
          null
        ]
      },
      "/home/rvl/kod/ror/wepa/ratebeer/app/models/style.rb": {
        "lines": [
          1,
          1,
          1,
          null,
          1,
          1,
          null,
          1,
          2,
          null,
          null
        ]
      },
      "/home/rvl/kod/ror/wepa/ratebeer/app/controllers/beers_controller.rb": {
        "lines": [
          1,
          1,
          1,
          1,
          1,
          1,
          null,
          1,
          null,
          null,
          null,
          1,
          5,
          5,
          null,
          5,
          5,
          5,
          0,
          0,
          0,
          0,
          null,
          null,
          null,
          null,
          1,
          0,
          0,
          null,
          null,
          null,
          1,
          3,
          null,
          null,
          null,
          1,
          null,
          null,
          null,
          1,
          2,
          null,
          2,
          2,
          2,
          1,
          null,
          1,
          2,
          1,
          null,
          null,
          null,
          null,
          null,
          1,
          0,
          0,
          0,
          0,
          null,
          0,
          0,
          0,
          0,
          null,
          null,
          null,
          null,
          null,
          1,
          0,
          null,
          0,
          0,
          0,
          null,
          null,
          null,
          1,
          4,
          4,
          null,
          null,
          1,
          null,
          null,
          1,
          0,
          null,
          null,
          null,
          1,
          2,
          null,
          null,
          null,
          1,
          15,
          3,
          null,
          null
        ]
      },
      "/home/rvl/kod/ror/wepa/ratebeer/app/controllers/application_controller.rb": {
        "lines": [
          1,
          null,
          1,
          null,
          1,
          176,
          null,
          145,
          null,
          null,
          1,
          8,
          null,
          null,
          1,
          null,
          0,
          null,
          null,
          null,
          1,
          12,
          null,
          null
        ]
      },
      "/home/rvl/kod/ror/wepa/ratebeer/app/controllers/sessions_controller.rb": {
        "lines": [
          1,
          1,
          null,
          null,
          null,
          1,
          11,
          null,
          null,
          11,
          10,
          10,
          10,
          null,
          0,
          null,
          null,
          1,
          null,
          null,
          null,
          1,
          null,
          0,
          null,
          0,
          null,
          null
        ]
      },
      "/home/rvl/kod/ror/wepa/ratebeer/app/controllers/users_controller.rb": {
        "lines": [
          1,
          1,
          1,
          null,
          null,
          1,
          0,
          null,
          null,
          null,
          null,
          1,
          null,
          null,
          null,
          1,
          1,
          null,
          null,
          null,
          1,
          null,
          null,
          null,
          1,
          1,
          null,
          1,
          1,
          2,
          1,
          null,
          0,
          0,
          null,
          null,
          null,
          null,
          null,
          1,
          0,
          0,
          0,
          0,
          null,
          0,
          0,
          null,
          null,
          null,
          null,
          null,
          1,
          0,
          null,
          0,
          null,
          0,
          null,
          0,
          0,
          0,
          null,
          null,
          null,
          null,
          1,
          0,
          0,
          null,
          0,
          null,
          0,
          null,
          null,
          1,
          null,
          null,
          1,
          17,
          null,
          null,
          null,
          1,
          1,
          null,
          null
        ]
      },
      "/home/rvl/kod/ror/wepa/ratebeer/app/models/rating.rb": {
        "lines": [
          1,
          1,
          1,
          null,
          1,
          null,
          null,
          null,
          null,
          null,
          null,
          null,
          2,
          null
        ]
      },
      "/home/rvl/kod/ror/wepa/ratebeer/app/models/membership.rb": {
        "lines": [
          1,
          1,
          1,
          null
        ]
      },
      "/home/rvl/kod/ror/wepa/ratebeer/app/models/beer_club.rb": {
        "lines": [
          1,
          1,
          1,
          null,
          1,
          0,
          null,
          null
        ]
      },
      "/home/rvl/kod/ror/wepa/ratebeer/app/controllers/breweries_controller.rb": {
        "lines": [
          1,
          1,
          1,
          1,
          1,
          null,
          null,
          1,
          3,
          null,
          3,
          3,
          3,
          null,
          null,
          1,
          null,
          null,
          null,
          1,
          null,
          null,
          null,
          1,
          0,
          null,
          null,
          null,
          1,
          null,
          null,
          null,
          1,
          0,
          null,
          0,
          0,
          0,
          0,
          null,
          0,
          0,
          null,
          null,
          null,
          null,
          null,
          1,
          0,
          0,
          0,
          0,
          null,
          0,
          0,
          null,
          null,
          null,
          null,
          null,
          1,
          0,
          null,
          0,
          0,
          0,
          null,
          null,
          null,
          null,
          1,
          0,
          0,
          null,
          0,
          null,
          0,
          null,
          null,
          1,
          null,
          null,
          1,
          1,
          null,
          null,
          null,
          1,
          0,
          null,
          null
        ]
      },
      "/home/rvl/kod/ror/wepa/ratebeer/lib/beermapping_api.rb": {
        "lines": [
          1,
          1,
          5,
          null,
          9,
          null,
          null,
          1,
          4,
          null,
          4,
          4,
          null,
          4,
          null,
          3,
          3,
          14,
          null,
          null,
          null,
          1,
          4,
          0,
          null,
          0,
          null,
          null
        ]
      },
      "/home/rvl/kod/ror/wepa/ratebeer/app/models/place.rb": {
        "lines": [
          1,
          1,
          6,
          null,
          null
        ]
      },
      "/home/rvl/kod/ror/wepa/ratebeer/lib/weather_api.rb": {
        "lines": [
          1,
          1,
          0,
          0,
          null,
          null,
          1,
          0,
          null,
          0,
          null,
          0,
          0,
          0,
          0,
          null,
          null,
          1,
          0,
          0,
          null,
          0,
          null,
          null
        ]
      },
      "/home/rvl/kod/ror/wepa/ratebeer/app/models/weather.rb": {
        "lines": [
          1,
          null,
          null,
          null,
          null,
          1,
          0,
          null,
          null
        ]
      },
      "/home/rvl/kod/ror/wepa/ratebeer/app/controllers/places_controller.rb": {
        "lines": [
          1,
          1,
          null,
          null,
          1,
          0,
          0,
          0,
          0,
          null,
          null,
          null,
          1,
          3,
          3,
          1,
          null,
          2,
          2,
          null,
          null,
          null
        ]
      },
      "/home/rvl/kod/ror/wepa/ratebeer/app/controllers/ratings_controller.rb": {
        "lines": [
          1,
          1,
          1,
          null,
          1,
          1,
          1,
          1,
          1,
          1,
          1,
          null,
          null,
          1,
          1,
          1,
          null,
          null,
          1,
          1,
          1,
          null,
          1,
          1,
          null,
          0,
          0,
          null,
          null,
          null,
          1,
          1,
          1,
          1,
          null,
          null
        ]
      },
      "/home/rvl/kod/ror/wepa/ratebeer/app/channels/application_cable/channel.rb": {
        "lines": [
          0,
          0,
          0,
          0
        ],
        "branches": {
        }
      },
      "/home/rvl/kod/ror/wepa/ratebeer/app/channels/application_cable/connection.rb": {
        "lines": [
          0,
          0,
          0,
          0
        ],
        "branches": {
        }
      },
      "/home/rvl/kod/ror/wepa/ratebeer/app/controllers/beer_clubs_controller.rb": {
        "lines": [
          0,
          0,
          0,
          0,
          null,
          null,
          0,
          0,
          null,
          0,
          null,
          0,
          0,
          0,
          0,
          0,
          0,
          null,
          null,
          0,
          0,
          0,
          null,
          null,
          0,
          0,
          0,
          null,
          null,
          0,
          0,
          null,
          null,
          0,
          0,
          null,
          0,
          0,
          0,
          0,
          0,
          0,
          0,
          0,
          0,
          0,
          null,
          null,
          0,
          0,
          0,
          0,
          0,
          0,
          0,
          0,
          0,
          0,
          0,
          null,
          null,
          0,
          0,
          null,
          0,
          0,
          0,
          0,
          0,
          null,
          0,
          null,
          null,
          0,
          0,
          0,
          null,
          null,
          0,
          0,
          0,
          0
        ],
        "branches": {
        }
      },
      "/home/rvl/kod/ror/wepa/ratebeer/app/controllers/memberships_controller.rb": {
        "lines": [
          0,
          0,
          null,
          null,
          0,
          0,
          0,
          null,
          null,
          0,
          0,
          null,
          null,
          0,
          0,
          0,
          0,
          null,
          null,
          0,
          0,
          null,
          null,
          0,
          0,
          0,
          0,
          null,
          null,
          0,
          0,
          0,
          0,
          0,
          0,
          0,
          0,
          0,
          0,
          null,
          null,
          0,
          0,
          0,
          0,
          0,
          0,
          0,
          0,
          0,
          0,
          0,
          null,
          null,
          0,
          0,
          null,
          0,
          null,
          0,
          0,
          0,
          0,
          0,
          null,
          0,
          null,
          null,
          0,
          0,
          0,
          null,
          null,
          0,
          0,
          0,
          0
        ],
        "branches": {
        }
      },
      "/home/rvl/kod/ror/wepa/ratebeer/app/controllers/styles_controller.rb": {
        "lines": [
          0,
          0,
          0,
          null,
          0,
          null,
          0,
          0,
          0,
          null,
          0,
          0,
          0,
          0,
          null,
          0,
          0,
          0,
          null,
          0,
          0,
          null,
          0,
          0,
          0,
          null,
          0,
          0,
          0,
          null,
          0,
          0,
          null,
          0,
          0,
          0,
          null,
          0,
          0,
          0,
          null,
          0,
          0,
          0,
          null,
          0,
          0,
          0,
          0,
          0,
          null,
          null,
          0,
          null,
          null,
          0,
          0,
          null,
          0,
          0,
          0,
          null,
          null,
          null,
          0,
          0
        ],
        "branches": {
        }
      },
      "/home/rvl/kod/ror/wepa/ratebeer/app/jobs/application_job.rb": {
        "lines": [
          0,
          null,
          null,
          null,
          null,
          null,
          0
        ],
        "branches": {
        }
      },
      "/home/rvl/kod/ror/wepa/ratebeer/app/jobs/test_job.rb": {
        "lines": [
          0,
          0,
          null,
          0,
          0,
          0,
          0,
          0,
          0,
          0,
          0,
          0,
          0
        ],
        "branches": {
        }
      },
      "/home/rvl/kod/ror/wepa/ratebeer/app/mailers/application_mailer.rb": {
        "lines": [
          0,
          0,
          0,
          0
        ],
        "branches": {
        }
      }
    },
    "timestamp": 1708974489
  }
}
